SF:lib\data\datasources\db\database_helper.dart
DA:14,0
DA:18,0
DA:22,0
DA:23,0
DA:29,0
DA:30,0
DA:31,0
DA:33,0
DA:37,0
DA:38,0
DA:46,0
DA:49,0
DA:50,0
DA:51,0
DA:54,0
DA:55,0
DA:56,0
DA:59,0
DA:63,0
DA:64,0
DA:65,0
DA:68,0
DA:71,0
DA:72,0
DA:78,0
DA:79,0
DA:80,0
DA:83,0
DA:86,0
DA:87,0
DA:93,0
DA:94,0
DA:95,0
LF:33
LH:0
end_of_record
SF:lib\data\models\movie_table.dart
DA:15,3
DA:23,2
DA:24,1
DA:25,1
DA:26,1
DA:27,1
DA:31,2
DA:32,1
DA:33,1
DA:34,1
DA:35,1
DA:39,2
DA:40,1
DA:41,1
DA:42,1
DA:43,1
DA:44,1
DA:47,0
DA:48,0
DA:49,0
DA:50,0
DA:51,0
DA:52,0
DA:55,2
DA:56,1
DA:57,1
DA:58,1
DA:59,1
DA:60,2
DA:63,2
DA:64,2
DA:65,2
DA:66,2
DA:67,2
DA:68,2
DA:69,2
LF:36
LH:30
end_of_record
SF:lib\data\models\episode_response.dart
DA:8,2
DA:28,0
DA:38,0
DA:39,0
DA:40,0
DA:41,0
DA:42,0
DA:43,0
DA:44,0
DA:45,0
DA:46,0
DA:49,1
DA:50,2
DA:52,0
DA:54,2
DA:55,1
DA:56,2
DA:58,5
DA:59,1
DA:60,1
DA:61,1
DA:62,1
DA:63,1
DA:66,0
DA:67,0
DA:69,0
DA:70,0
DA:71,0
DA:72,0
DA:73,0
DA:74,0
DA:75,0
DA:78,1
DA:79,1
DA:80,1
DA:81,1
DA:82,1
DA:83,1
DA:84,1
DA:85,1
DA:86,1
DA:87,1
DA:92,5
DA:116,0
DA:128,0
DA:129,0
DA:130,0
DA:131,0
DA:132,0
DA:133,0
DA:134,0
DA:135,0
DA:136,0
DA:137,0
DA:138,0
DA:141,0
DA:143,0
DA:145,2
DA:146,1
DA:147,1
DA:148,1
DA:149,1
DA:150,1
DA:151,1
DA:152,1
DA:153,1
DA:154,1
DA:155,1
DA:158,0
DA:159,0
DA:160,0
DA:161,0
DA:162,0
DA:163,0
DA:164,0
DA:165,0
DA:166,0
DA:167,0
DA:168,0
DA:171,3
DA:172,3
DA:173,3
DA:174,3
DA:175,3
DA:176,3
DA:177,3
DA:178,3
DA:179,3
DA:180,3
DA:181,3
DA:182,3
LF:91
LH:46
end_of_record
SF:lib\domain\entities\genre.dart
DA:4,21
DA:12,3
DA:13,9
LF:3
LH:3
end_of_record
SF:lib\domain\entities\movie.dart
DA:6,12
DA:36,7
DA:37,7
DA:38,7
DA:39,7
DA:40,7
DA:41,7
DA:42,7
DA:43,7
DA:44,7
DA:45,7
DA:46,7
DA:47,7
DA:48,7
DA:49,7
DA:50,7
LF:16
LH:16
end_of_record
SF:lib\domain\entities\movie_detail.dart
DA:5,21
DA:33,2
DA:34,2
DA:35,2
DA:36,2
DA:37,2
DA:38,2
DA:39,2
DA:40,2
DA:41,2
DA:42,2
DA:43,2
DA:44,2
DA:45,2
LF:14
LH:14
end_of_record
SF:lib\domain\entities\tv.dart
DA:20,12
DA:36,7
DA:37,7
DA:38,7
DA:39,7
DA:40,7
DA:41,7
DA:42,7
DA:43,7
DA:44,7
DA:45,7
DA:46,7
DA:47,7
DA:48,7
DA:49,7
DA:50,7
LF:16
LH:16
end_of_record
SF:lib\domain\entities\tv_detail.dart
DA:34,8
DA:62,2
DA:63,2
DA:64,2
DA:65,2
DA:66,2
DA:67,2
DA:68,2
DA:69,2
DA:70,2
DA:71,2
DA:72,2
DA:73,2
DA:74,2
DA:75,2
DA:76,2
DA:77,2
DA:78,2
DA:79,2
DA:80,2
DA:81,2
DA:82,2
DA:83,2
DA:84,2
DA:85,2
DA:86,2
DA:87,2
DA:88,2
LF:28
LH:28
end_of_record
SF:lib\domain\entities\watchlist.dart
DA:12,5
DA:20,2
DA:21,2
DA:22,2
DA:23,2
DA:24,2
DA:25,2
DA:26,2
LF:8
LH:8
end_of_record
SF:lib\data\models\genre_model.dart
DA:5,2
DA:13,2
DA:14,1
DA:15,1
DA:23,1
DA:24,3
DA:27,1
DA:28,3
LF:8
LH:8
end_of_record
SF:lib\data\models\tv_detail_model.dart
DA:42,2
DA:76,2
DA:77,1
DA:78,1
DA:79,1
DA:80,5
DA:81,1
DA:82,1
DA:83,1
DA:84,1
DA:85,1
DA:86,1
DA:87,1
DA:88,1
DA:89,1
DA:90,1
DA:91,1
DA:92,1
DA:93,1
DA:94,1
DA:95,1
DA:96,1
DA:97,1
DA:98,1
DA:99,1
DA:100,1
DA:101,1
DA:104,1
DA:105,2
DA:107,1
DA:108,1
DA:109,1
DA:110,1
DA:112,1
DA:113,4
DA:114,1
DA:116,4
DA:117,1
DA:119,2
DA:120,1
DA:122,1
DA:123,4
DA:124,1
DA:125,1
DA:126,1
DA:127,1
DA:129,4
DA:130,1
DA:132,2
DA:133,2
DA:134,1
DA:135,1
DA:136,1
DA:138,1
DA:139,4
DA:140,1
DA:141,1
DA:142,1
DA:144,4
DA:145,1
DA:146,1
DA:147,1
DA:148,2
DA:149,1
DA:150,1
DA:152,1
DA:153,4
DA:154,1
DA:156,3
DA:157,1
DA:159,5
DA:160,1
DA:162,1
DA:163,4
DA:164,1
DA:165,1
DA:166,1
DA:167,2
DA:168,1
DA:171,1
DA:172,1
DA:173,1
DA:174,1
DA:175,1
DA:176,1
DA:177,1
DA:178,1
DA:179,1
DA:180,1
DA:181,1
DA:182,1
DA:183,1
DA:184,1
DA:185,1
DA:186,1
DA:187,1
DA:188,1
DA:189,1
DA:190,1
DA:191,1
DA:192,1
DA:193,1
DA:194,1
DA:195,1
DA:196,1
DA:197,1
DA:198,1
DA:199,1
DA:200,1
DA:201,1
DA:202,1
DA:203,1
DA:208,1
DA:222,2
DA:223,1
DA:224,1
DA:225,1
DA:226,1
DA:227,1
DA:230,1
DA:231,1
DA:232,1
DA:233,1
DA:234,1
DA:235,1
DA:236,1
DA:241,1
DA:265,1
DA:266,1
DA:268,3
DA:269,1
DA:270,1
DA:271,1
DA:272,1
DA:273,1
DA:274,1
DA:275,1
DA:276,1
DA:277,1
DA:280,1
DA:281,1
DA:282,1
DA:283,1
DA:284,1
DA:285,1
DA:286,1
DA:287,1
DA:288,1
DA:289,1
DA:290,1
DA:291,1
DA:296,1
DA:308,2
DA:309,1
DA:310,1
DA:311,1
DA:312,1
DA:315,1
DA:316,1
DA:317,1
DA:318,1
DA:319,1
DA:320,1
DA:325,1
DA:343,2
DA:345,3
DA:346,1
DA:347,1
DA:348,1
DA:349,1
DA:350,1
DA:351,1
DA:354,1
DA:355,1
DA:356,1
DA:357,1
DA:358,1
DA:359,1
DA:360,1
DA:361,1
DA:362,1
DA:367,1
DA:377,2
DA:378,1
DA:379,1
DA:380,1
DA:383,1
DA:384,1
DA:385,1
DA:386,1
DA:387,1
LF:191
LH:191
end_of_record
SF:lib\data\models\movie_model.dart
DA:5,5
DA:35,4
DA:36,2
DA:37,2
DA:38,8
DA:39,2
DA:40,2
DA:41,2
DA:42,4
DA:43,2
DA:44,2
DA:45,2
DA:46,2
DA:47,4
DA:48,2
DA:51,2
DA:52,1
DA:53,1
DA:54,4
DA:55,1
DA:56,1
DA:57,1
DA:58,1
DA:59,1
DA:60,1
DA:61,1
DA:62,1
DA:63,1
DA:64,1
DA:67,2
DA:68,2
DA:69,2
DA:70,2
DA:71,2
DA:72,2
DA:73,2
DA:74,2
DA:75,2
DA:76,2
DA:77,2
DA:78,2
DA:79,2
DA:80,2
DA:81,2
DA:85,2
DA:86,2
DA:87,2
DA:88,2
DA:89,2
DA:90,2
DA:91,2
DA:92,2
DA:93,2
DA:94,2
DA:95,2
DA:96,2
DA:97,2
DA:98,2
DA:99,2
LF:59
LH:59
end_of_record
SF:lib\data\models\tv_model.dart
DA:21,4
DA:37,4
DA:38,2
DA:39,2
DA:40,2
DA:42,8
DA:43,2
DA:44,2
DA:45,2
DA:47,8
DA:48,2
DA:49,2
DA:50,2
DA:51,4
DA:52,2
DA:53,4
DA:54,2
DA:57,2
DA:58,1
DA:59,1
DA:60,1
DA:62,4
DA:63,1
DA:64,1
DA:65,1
DA:67,4
DA:68,1
DA:69,1
DA:70,1
DA:71,1
DA:72,1
DA:73,1
DA:74,1
DA:77,2
DA:78,2
DA:79,2
DA:80,2
DA:81,2
DA:82,2
DA:83,2
DA:84,2
DA:85,2
DA:86,2
DA:87,2
DA:88,2
DA:89,2
DA:90,2
DA:91,2
DA:95,2
DA:96,2
DA:97,2
DA:98,2
DA:99,2
DA:100,2
DA:101,2
DA:102,2
DA:103,2
DA:104,2
DA:105,2
DA:106,2
DA:107,2
DA:108,2
DA:109,2
LF:63
LH:63
end_of_record
SF:lib\common\exception.dart
DA:6,2
LF:1
LH:1
end_of_record
SF:lib\common\failure.dart
DA:6,28
DA:8,1
DA:9,2
DA:13,26
DA:17,2
DA:21,7
LF:6
LH:6
end_of_record
SF:lib\data\datasources\film_local_data_source.dart
DA:22,1
DA:25,1
DA:27,3
DA:30,2
DA:35,1
DA:37,3
DA:40,2
DA:45,1
DA:46,3
DA:48,1
DA:55,1
DA:56,3
DA:58,1
DA:65,1
DA:66,3
DA:67,4
LF:16
LH:16
end_of_record
SF:lib\data\datasources\film_remote_data_source.dart
DA:50,1
DA:68,1
DA:70,5
DA:72,2
DA:73,4
DA:75,1
DA:80,1
DA:81,5
DA:83,2
DA:84,3
DA:86,1
DA:91,1
DA:92,2
DA:93,3
DA:95,2
DA:96,4
DA:98,1
DA:103,1
DA:105,5
DA:107,2
DA:108,4
DA:110,1
DA:115,1
DA:117,5
DA:119,2
DA:120,4
DA:122,1
DA:127,1
DA:128,2
DA:129,3
DA:131,2
DA:132,4
DA:134,1
DA:139,1
DA:141,5
DA:143,2
DA:144,3
DA:146,1
DA:151,1
DA:152,5
DA:154,2
DA:155,3
DA:157,1
DA:162,1
DA:164,5
DA:166,2
DA:167,3
DA:169,1
DA:174,1
DA:175,5
DA:177,2
DA:178,2
DA:180,1
DA:185,1
DA:187,5
DA:189,2
DA:190,3
DA:192,1
DA:197,1
DA:199,5
DA:201,2
DA:202,3
DA:204,1
DA:209,1
DA:211,5
DA:213,2
DA:214,2
DA:216,1
LF:68
LH:68
end_of_record
SF:lib\data\models\movie_detail_model.dart
DA:6,2
DA:52,1
DA:53,1
DA:54,1
DA:55,1
DA:56,1
DA:57,1
DA:58,4
DA:59,1
DA:60,1
DA:61,1
DA:62,1
DA:63,1
DA:64,1
DA:65,2
DA:66,1
DA:67,1
DA:68,1
DA:69,1
DA:70,1
DA:71,1
DA:72,1
DA:73,1
DA:74,2
DA:75,1
DA:78,1
DA:79,1
DA:80,1
DA:81,1
DA:82,5
DA:83,1
DA:84,1
DA:85,1
DA:86,1
DA:87,1
DA:88,1
DA:89,1
DA:90,1
DA:91,1
DA:95,1
DA:96,1
DA:97,1
DA:98,1
DA:99,1
DA:100,1
DA:101,1
DA:102,1
DA:103,1
DA:104,1
DA:105,1
DA:106,1
DA:107,1
DA:108,1
DA:109,1
DA:110,1
DA:111,1
DA:112,1
DA:113,1
DA:114,1
DA:115,1
DA:116,1
DA:117,1
LF:62
LH:62
end_of_record
SF:lib\data\models\movie_response.dart
DA:7,3
DA:9,4
DA:10,4
DA:11,6
DA:12,6
DA:15,2
DA:16,5
DA:19,1
DA:20,2
LF:9
LH:9
end_of_record
SF:lib\data\models\tv_response.dart
DA:9,2
DA:21,2
DA:22,4
DA:24,4
DA:25,2
DA:27,10
DA:28,2
DA:29,2
DA:32,2
DA:33,1
DA:34,5
DA:35,1
DA:36,1
DA:39,1
DA:40,1
DA:41,1
DA:42,1
DA:43,1
DA:44,1
LF:19
LH:19
end_of_record
SF:lib\domain\usecases\get_movie_detail.dart
DA:9,1
DA:11,1
DA:12,2
LF:3
LH:3
end_of_record
SF:lib\domain\usecases\get_movie_recommendations.dart
DA:9,1
DA:11,1
DA:12,2
LF:3
LH:3
end_of_record
SF:lib\domain\usecases\get_now_playing_movies.dart
DA:9,1
DA:11,1
DA:12,2
LF:3
LH:3
end_of_record
SF:lib\domain\usecases\get_now_playing_tv.dart
DA:9,1
DA:11,1
DA:12,2
LF:3
LH:3
end_of_record
SF:lib\domain\usecases\get_popular_movies.dart
DA:9,1
DA:11,1
DA:12,2
LF:3
LH:3
end_of_record
SF:lib\domain\usecases\get_popular_tv.dart
DA:9,1
DA:11,1
DA:12,2
LF:3
LH:3
end_of_record
SF:lib\domain\usecases\get_top_rated_movies.dart
DA:9,1
DA:11,1
DA:12,2
LF:3
LH:3
end_of_record
SF:lib\domain\usecases\get_top_rated_tv.dart
DA:9,1
DA:11,1
DA:12,2
LF:3
LH:3
end_of_record
SF:lib\domain\usecases\get_tv_detail.dart
DA:9,1
DA:11,1
DA:12,2
LF:3
LH:3
end_of_record
SF:lib\domain\usecases\get_tv_episode.dart
DA:9,1
DA:11,1
DA:12,2
LF:3
LH:3
end_of_record
SF:lib\domain\usecases\get_tv_recommendation.dart
DA:9,1
DA:11,1
DA:12,2
LF:3
LH:3
end_of_record
SF:lib\domain\usecases\get_watchlist_movies.dart
DA:9,2
DA:11,2
DA:12,4
LF:3
LH:3
end_of_record
SF:lib\domain\usecases\get_watchlist_status.dart
DA:6,2
DA:8,1
DA:9,2
DA:12,1
DA:13,2
LF:5
LH:5
end_of_record
SF:lib\domain\usecases\remove_watchlist.dart
DA:10,2
DA:12,1
DA:13,2
DA:16,1
DA:17,2
LF:5
LH:5
end_of_record
SF:lib\domain\usecases\save_watchlist.dart
DA:10,2
DA:12,1
DA:13,2
DA:16,1
DA:17,2
LF:5
LH:5
end_of_record
SF:lib\domain\usecases\search_movies.dart
DA:9,1
DA:11,1
DA:12,2
LF:3
LH:3
end_of_record
SF:lib\domain\usecases\search_tv.dart
DA:9,1
DA:11,1
DA:12,2
LF:3
LH:3
end_of_record
SF:lib\data\repositories\movie_repository_impl.dart
DA:21,1
DA:27,1
DA:29,3
DA:30,5
DA:31,1
DA:33,1
DA:39,1
DA:41,3
DA:42,2
DA:43,1
DA:45,1
DA:51,1
DA:53,3
DA:54,3
DA:55,1
DA:57,1
DA:63,1
DA:65,3
DA:66,5
DA:67,1
DA:69,1
DA:75,1
DA:77,3
DA:78,5
DA:79,1
DA:81,1
DA:87,1
DA:89,3
DA:90,5
DA:91,1
DA:93,1
DA:99,1
DA:101,2
DA:102,2
DA:103,1
DA:104,1
DA:105,3
DA:112,1
DA:115,2
DA:116,2
DA:117,1
DA:118,1
DA:119,3
DA:124,1
DA:125,3
DA:130,1
DA:131,3
DA:132,5
DA:136,1
DA:138,3
DA:139,5
DA:140,1
DA:142,1
DA:148,1
DA:150,3
DA:151,5
DA:152,1
DA:154,1
DA:160,1
DA:162,3
DA:163,5
DA:164,1
DA:166,1
DA:172,1
DA:174,3
DA:175,2
DA:176,1
DA:178,1
DA:184,1
DA:186,3
DA:187,3
DA:188,1
DA:190,1
DA:196,1
DA:198,3
DA:199,5
DA:200,1
DA:202,1
DA:208,1
DA:209,3
DA:214,1
DA:217,4
DA:218,1
DA:219,1
DA:220,3
DA:227,1
DA:230,4
DA:231,1
DA:232,1
DA:233,3
DA:238,1
DA:241,3
DA:242,2
DA:243,1
DA:245,1
LF:95
LH:95
end_of_record
SF:lib\presentation\bloc\movie_detail\movie_detail_state.dart
DA:4,3
DA:6,1
DA:7,1
DA:16,2
DA:18,1
DA:19,2
DA:24,3
DA:26,1
DA:27,2
LF:9
LH:9
end_of_record
SF:lib\presentation\bloc\movie_detail\movie_detail_event.dart
DA:4,2
DA:6,0
DA:7,0
DA:13,2
DA:15,0
DA:16,0
LF:6
LH:2
end_of_record
SF:lib\presentation\bloc\movie_detail\movie_detail_bloc.dart
DA:13,1
DA:15,2
DA:16,2
DA:17,1
DA:19,2
DA:20,3
DA:22,1
DA:23,1
DA:24,3
DA:26,1
DA:27,2
LF:11
LH:11
end_of_record
SF:lib\presentation\bloc\film_watchlist\film_watchlist_event.dart
DA:4,4
DA:6,0
DA:7,0
DA:14,2
DA:16,0
DA:17,0
DA:22,2
DA:24,0
DA:25,0
DA:30,1
DA:32,0
DA:33,0
DA:38,1
DA:40,0
DA:41,0
DA:46,1
DA:48,0
DA:49,0
DA:54,1
DA:56,0
DA:57,0
LF:21
LH:7
end_of_record
SF:lib\presentation\bloc\film_watchlist\film_watchlist_state.dart
DA:4,5
DA:6,1
DA:7,1
DA:17,3
DA:19,1
DA:20,2
DA:26,2
DA:28,1
DA:29,2
DA:35,2
DA:37,1
DA:38,2
DA:45,3
DA:47,1
DA:48,2
LF:15
LH:15
end_of_record
SF:lib\presentation\bloc\film_watchlist\film_watchlist_bloc.dart
DA:24,1
DA:29,2
DA:30,2
DA:31,2
DA:32,3
DA:34,1
DA:35,1
DA:36,3
DA:38,1
DA:39,2
DA:44,2
DA:45,1
DA:46,3
DA:48,2
DA:51,2
DA:52,1
DA:53,3
DA:55,2
DA:58,2
DA:59,1
DA:60,3
DA:62,1
DA:63,1
DA:64,3
DA:66,1
DA:67,2
DA:72,2
DA:73,1
DA:74,3
DA:76,1
DA:77,1
DA:78,3
DA:80,1
DA:81,2
DA:86,2
DA:87,1
DA:88,3
DA:90,1
DA:91,1
DA:92,3
DA:94,1
DA:95,2
DA:100,2
DA:101,1
DA:102,3
DA:104,1
DA:105,1
DA:106,3
DA:108,1
DA:109,2
LF:50
LH:50
end_of_record
SF:lib\presentation\bloc\movie_now_playing\movie_now_playing_state.dart
DA:4,2
DA:6,1
DA:7,1
DA:17,2
DA:19,1
DA:20,2
DA:26,1
DA:28,1
DA:29,2
LF:9
LH:9
end_of_record
SF:lib\presentation\bloc\movie_now_playing\movie_now_playing_event.dart
DA:4,1
DA:6,0
DA:7,0
LF:3
LH:1
end_of_record
SF:lib\presentation\bloc\movie_now_playing\movie_now_playing_bloc.dart
DA:15,1
DA:17,2
DA:18,2
DA:19,2
DA:20,3
DA:22,1
DA:23,1
DA:24,3
DA:26,1
DA:27,2
LF:10
LH:10
end_of_record
SF:lib\presentation\bloc\movie_popular\movie_popular_state.dart
DA:4,4
DA:6,1
DA:7,1
DA:17,3
DA:19,1
DA:20,2
DA:26,2
DA:28,1
DA:29,2
LF:9
LH:9
end_of_record
SF:lib\presentation\bloc\movie_popular\movie_popular_event.dart
DA:4,2
DA:6,0
DA:7,0
LF:3
LH:1
end_of_record
SF:lib\presentation\bloc\movie_popular\movie_popular_bloc.dart
DA:12,1
DA:14,2
DA:15,2
DA:16,2
DA:17,3
DA:19,1
DA:20,1
DA:21,3
DA:23,1
DA:24,2
LF:10
LH:10
end_of_record
SF:lib\presentation\bloc\movie_recommendation\movie_recommendation_state.dart
DA:4,3
DA:6,1
DA:7,1
DA:16,2
DA:18,1
DA:19,2
DA:24,2
DA:26,1
DA:27,2
LF:9
LH:9
end_of_record
SF:lib\presentation\bloc\movie_recommendation\movie_recommendation_event.dart
DA:4,2
DA:6,0
DA:7,0
DA:13,2
DA:15,0
DA:16,0
LF:6
LH:2
end_of_record
SF:lib\presentation\bloc\movie_recommendation\movie_recommendation_bloc.dart
DA:13,1
DA:15,2
DA:16,2
DA:17,1
DA:19,2
DA:20,3
DA:22,1
DA:23,1
DA:24,3
DA:26,1
DA:27,2
LF:11
LH:11
end_of_record
SF:lib\presentation\bloc\movie_search\movie_search_state.dart
DA:4,2
DA:6,1
DA:7,1
DA:17,2
DA:19,1
DA:20,2
DA:26,1
DA:28,1
DA:29,2
LF:9
LH:9
end_of_record
SF:lib\presentation\bloc\movie_search\movie_search_event.dart
DA:5,1
DA:7,0
DA:8,0
DA:14,1
DA:16,0
DA:17,0
LF:6
LH:2
end_of_record
SF:lib\presentation\bloc\movie_search\movie_search_bloc.dart
DA:11,1
DA:13,2
DA:14,2
DA:15,1
DA:17,2
DA:18,3
DA:20,1
DA:21,1
DA:22,3
DA:24,1
DA:25,2
LF:11
LH:11
end_of_record
SF:lib\presentation\bloc\movie_top_rated\movie_top_rated_state.dart
DA:4,4
DA:6,1
DA:7,1
DA:17,3
DA:19,1
DA:20,2
DA:26,2
DA:28,1
DA:29,2
LF:9
LH:9
end_of_record
SF:lib\presentation\bloc\movie_top_rated\movie_top_rated_bloc.dart
DA:12,1
DA:14,2
DA:15,2
DA:16,2
DA:17,3
DA:19,1
DA:20,1
DA:21,3
DA:23,1
DA:24,2
LF:10
LH:10
end_of_record
SF:lib\presentation\bloc\movie_top_rated\movie_top_rated_event.dart
DA:4,2
DA:6,0
DA:7,0
LF:3
LH:1
end_of_record
SF:lib\presentation\bloc\tv_detail\tv_detail_event.dart
DA:4,2
DA:6,0
DA:7,0
DA:13,2
DA:15,0
DA:16,0
LF:6
LH:2
end_of_record
SF:lib\presentation\bloc\tv_detail\tv_detail_state.dart
DA:4,3
DA:6,1
DA:7,1
DA:16,2
DA:18,1
DA:19,2
DA:24,2
DA:26,1
DA:27,2
LF:9
LH:9
end_of_record
SF:lib\presentation\bloc\tv_detail\tv_detail_bloc.dart
DA:12,1
DA:14,2
DA:15,2
DA:16,1
DA:18,2
DA:19,3
DA:21,1
DA:22,1
DA:23,3
DA:25,1
DA:26,2
LF:11
LH:11
end_of_record
SF:lib\presentation\bloc\tv_episode\tv_episode_bloc.dart
DA:12,1
DA:14,2
DA:15,2
DA:16,1
DA:17,1
DA:19,2
DA:20,3
DA:22,1
DA:23,1
DA:24,3
DA:26,1
DA:27,2
LF:12
LH:12
end_of_record
SF:lib\presentation\bloc\tv_episode\tv_episode_state.dart
DA:4,3
DA:6,1
DA:7,1
DA:17,2
DA:19,1
DA:20,2
DA:26,2
DA:28,1
DA:29,2
LF:9
LH:9
end_of_record
SF:lib\presentation\bloc\tv_episode\tv_episode_event.dart
DA:4,2
DA:6,0
DA:7,0
DA:13,2
DA:15,0
DA:16,0
LF:6
LH:2
end_of_record
SF:lib\presentation\bloc\tv_now_playing\tv_now_playing_bloc.dart
DA:12,1
DA:14,2
DA:15,2
DA:16,2
DA:17,3
DA:19,1
DA:20,1
DA:21,3
DA:23,1
DA:24,2
LF:10
LH:10
end_of_record
SF:lib\presentation\bloc\tv_now_playing\tv_now_playing_state.dart
DA:4,2
DA:6,1
DA:7,1
DA:17,2
DA:19,1
DA:20,2
DA:26,1
DA:28,1
DA:29,2
LF:9
LH:9
end_of_record
SF:lib\presentation\bloc\tv_now_playing\tv_now_playing_event.dart
DA:4,1
DA:6,0
DA:7,0
LF:3
LH:1
end_of_record
SF:lib\presentation\bloc\tv_popular\tv_popular_bloc.dart
DA:12,1
DA:14,2
DA:15,2
DA:16,2
DA:17,3
DA:19,1
DA:20,1
DA:21,3
DA:23,1
DA:24,2
LF:10
LH:10
end_of_record
SF:lib\presentation\bloc\tv_popular\tv_popular_state.dart
DA:4,4
DA:6,1
DA:7,1
DA:17,3
DA:19,1
DA:20,2
DA:26,2
DA:28,1
DA:29,2
LF:9
LH:9
end_of_record
SF:lib\presentation\bloc\tv_popular\tv_popular_event.dart
DA:4,2
DA:6,0
DA:7,0
LF:3
LH:1
end_of_record
SF:lib\presentation\bloc\tv_recommendation\tv_recommendation_state.dart
DA:4,3
DA:6,1
DA:7,1
DA:16,2
DA:18,1
DA:19,2
DA:24,2
DA:26,1
DA:27,2
LF:9
LH:9
end_of_record
SF:lib\presentation\bloc\tv_recommendation\tv_recommendation_event.dart
DA:4,2
DA:6,0
DA:7,0
DA:13,2
DA:15,0
DA:16,0
LF:6
LH:2
end_of_record
SF:lib\presentation\bloc\tv_recommendation\tv_recommendation_bloc.dart
DA:13,1
DA:15,2
DA:16,2
DA:17,1
DA:19,2
DA:20,3
DA:22,1
DA:23,1
DA:24,3
DA:26,1
DA:27,2
LF:11
LH:11
end_of_record
SF:lib\presentation\bloc\tv_search\tv_search_state.dart
DA:4,2
DA:6,1
DA:7,1
DA:17,2
DA:19,1
DA:20,2
DA:26,1
DA:28,1
DA:29,2
LF:9
LH:9
end_of_record
SF:lib\presentation\bloc\tv_search\tv_search_event.dart
DA:5,1
DA:7,0
DA:8,0
DA:14,1
DA:16,0
DA:17,0
LF:6
LH:2
end_of_record
SF:lib\presentation\bloc\tv_search\tv_search_bloc.dart
DA:11,1
DA:13,2
DA:14,2
DA:15,1
DA:17,2
DA:18,3
DA:20,1
DA:21,1
DA:22,3
DA:24,1
DA:25,2
LF:11
LH:11
end_of_record
SF:lib\presentation\bloc\tv_top_rated\tv_top_rated_state.dart
DA:4,4
DA:6,1
DA:7,1
DA:17,3
DA:19,1
DA:20,2
DA:26,2
DA:28,1
DA:29,2
LF:9
LH:9
end_of_record
SF:lib\presentation\bloc\tv_top_rated\tv_top_rated_event.dart
DA:4,2
DA:6,0
DA:7,0
LF:3
LH:1
end_of_record
SF:lib\presentation\bloc\tv_top_rated\tv_top_rated_bloc.dart
DA:12,1
DA:14,2
DA:15,2
DA:16,2
DA:17,3
DA:19,1
DA:20,1
DA:21,3
DA:23,1
DA:24,2
LF:10
LH:10
end_of_record
SF:lib\presentation\pages\about_page.dart
DA:7,1
DA:9,1
DA:11,1
DA:12,1
DA:13,1
DA:14,1
DA:15,1
DA:16,1
DA:17,1
DA:19,1
DA:20,1
DA:27,1
DA:28,1
DA:40,1
DA:41,1
DA:42,0
LF:16
LH:15
end_of_record
SF:lib\common\constants.dart
DA:14,2
DA:15,1
DA:16,6
DA:21,0
DA:26,0
DA:33,0
LF:6
LH:3
end_of_record
SF:lib\common\state_enum.dart
DA:1,18
LF:1
LH:1
end_of_record
SF:lib\presentation\pages\popular_movies_page.dart
DA:14,1
DA:16,1
DA:17,1
DA:21,1
DA:23,1
DA:24,2
DA:26,3
DA:28,4
DA:33,1
DA:35,1
DA:36,1
DA:39,1
DA:42,1
DA:43,1
DA:44,2
DA:48,2
DA:49,1
DA:50,0
DA:51,0
DA:52,0
DA:53,0
DA:54,0
DA:55,0
DA:56,0
DA:60,2
DA:63,1
DA:65,2
DA:70,1
DA:71,1
DA:72,1
DA:76,1
DA:77,1
DA:78,0
DA:79,0
DA:80,0
DA:81,0
DA:82,0
DA:83,0
DA:84,0
DA:88,2
DA:90,1
DA:91,1
DA:93,2
LF:43
LH:29
end_of_record
SF:lib\presentation\provider\popular_movies_notifier.dart
DA:9,1
DA:13,2
DA:17,2
DA:21,2
DA:23,1
DA:24,1
DA:25,1
DA:27,3
DA:29,1
DA:30,1
DA:31,2
DA:32,1
DA:33,1
DA:35,1
DA:36,1
DA:37,1
DA:38,1
LF:17
LH:17
end_of_record
SF:lib\presentation\pages\home_page.dart
DA:31,0
DA:33,0
DA:34,0
DA:40,0
DA:42,0
DA:43,0
DA:44,0
DA:46,0
DA:47,0
DA:48,0
DA:49,0
DA:50,0
DA:51,0
DA:52,0
DA:53,0
DA:55,0
DA:56,0
DA:57,0
DA:58,0
DA:59,0
DA:60,0
DA:65,0
DA:67,0
DA:68,0
DA:69,0
DA:70,0
DA:78,0
DA:80,0
DA:81,0
DA:82,0
DA:83,0
DA:86,0
DA:88,0
DA:89,0
DA:90,0
DA:91,0
DA:94,0
DA:96,0
DA:97,0
DA:98,0
DA:101,0
DA:102,0
DA:103,0
DA:106,0
DA:108,0
DA:109,0
DA:110,0
DA:113,0
DA:118,0
DA:120,0
DA:121,0
DA:122,0
DA:123,0
DA:124,0
DA:130,0
DA:131,0
DA:134,0
DA:135,0
DA:136,0
DA:142,0
DA:143,0
DA:145,0
DA:146,0
DA:148,0
DA:149,0
DA:151,0
DA:154,0
DA:155,0
DA:156,0
DA:160,0
DA:161,0
DA:167,0
DA:168,0
DA:169,0
DA:173,0
DA:174,0
DA:175,0
DA:176,0
DA:182,0
DA:184,0
DA:185,0
DA:188,0
DA:189,0
DA:190,0
DA:194,0
DA:195,0
DA:201,0
DA:202,0
DA:203,0
DA:207,0
DA:208,0
DA:209,0
DA:210,0
DA:216,0
DA:218,0
DA:219,0
DA:222,0
DA:223,0
DA:224,0
DA:228,0
DA:229,0
DA:235,0
DA:236,0
DA:237,0
DA:241,0
DA:242,0
DA:243,0
DA:244,0
DA:256,0
DA:257,0
DA:259,0
DA:260,0
DA:262,0
DA:263,0
DA:265,0
DA:268,0
DA:269,0
DA:270,0
DA:274,0
DA:275,0
DA:277,0
DA:281,0
DA:282,0
DA:283,0
DA:287,0
DA:288,0
DA:289,0
DA:290,0
DA:296,0
DA:298,0
DA:299,0
DA:302,0
DA:303,0
DA:304,0
DA:308,0
DA:309,0
DA:311,0
DA:315,0
DA:316,0
DA:317,0
DA:321,0
DA:322,0
DA:323,0
DA:324,0
DA:330,0
DA:332,0
DA:333,0
DA:336,0
DA:337,0
DA:338,0
DA:342,0
DA:343,0
DA:345,0
DA:349,0
DA:350,0
DA:351,0
DA:355,0
DA:356,0
DA:357,0
DA:358,0
DA:370,0
DA:371,0
DA:373,0
DA:374,0
DA:376,0
DA:378,0
DA:380,0
DA:382,0
DA:395,0
DA:397,0
DA:399,0
DA:401,0
DA:403,0
DA:404,0
DA:405,0
DA:406,0
DA:407,0
DA:408,0
DA:409,0
DA:412,0
DA:425,0
DA:427,0
DA:429,0
DA:431,0
DA:433,0
DA:434,0
DA:435,0
DA:436,0
DA:437,0
DA:438,0
DA:439,0
DA:442,0
DA:453,0
DA:457,0
DA:462,0
DA:464,0
DA:466,0
DA:467,0
DA:468,0
DA:470,0
DA:471,0
DA:472,0
DA:475,0
LF:203
LH:0
end_of_record
SF:lib\presentation\pages\movie_detail_page.dart
DA:25,1
DA:36,1
DA:39,1
DA:41,1
DA:42,1
DA:46,1
DA:48,1
DA:49,2
DA:51,3
DA:52,2
DA:53,4
DA:54,4
DA:56,2
DA:57,4
DA:58,4
DA:61,3
DA:62,1
DA:63,1
DA:64,5
DA:65,1
DA:66,1
DA:67,5
DA:68,1
DA:69,1
DA:70,5
DA:72,7
DA:73,1
DA:74,1
DA:75,5
DA:76,1
DA:77,1
DA:78,5
DA:79,1
DA:80,1
DA:81,5
DA:87,1
DA:89,1
DA:91,3
DA:92,1
DA:93,1
DA:94,3
DA:95,1
DA:96,1
DA:100,1
DA:101,1
DA:102,0
DA:103,0
DA:104,0
DA:105,0
DA:108,0
DA:109,0
DA:110,0
DA:113,1
DA:114,1
DA:115,1
DA:119,1
DA:120,1
DA:121,1
DA:122,2
DA:123,1
DA:124,2
DA:126,1
DA:128,1
DA:129,1
DA:131,1
DA:132,2
DA:133,2
DA:134,2
DA:135,2
DA:136,1
DA:137,0
DA:139,0
DA:142,0
DA:143,0
DA:146,1
DA:147,1
DA:148,1
DA:149,1
DA:153,1
DA:154,1
DA:157,1
DA:159,1
DA:161,1
DA:163,2
DA:164,1
DA:166,0
DA:168,0
DA:171,0
DA:172,0
DA:173,0
DA:174,0
DA:175,0
DA:177,0
DA:178,0
DA:180,0
DA:183,0
DA:189,0
DA:190,0
DA:191,0
DA:199,0
DA:200,0
DA:216,0
DA:217,0
DA:220,0
DA:222,0
DA:224,0
DA:226,0
DA:230,0
DA:233,0
DA:235,0
DA:237,0
DA:246,0
DA:247,2
DA:248,0
DA:250,0
DA:252,0
DA:254,0
DA:256,0
DA:259,0
DA:260,0
DA:261,0
DA:263,0
DA:264,0
DA:266,0
DA:268,0
DA:269,0
DA:270,0
DA:272,0
DA:273,0
DA:274,0
DA:275,0
DA:277,0
DA:278,0
DA:279,0
DA:282,0
DA:284,0
DA:287,0
DA:293,0
DA:294,0
DA:295,0
DA:301,0
DA:302,0
DA:317,1
DA:319,1
DA:321,1
DA:323,1
DA:324,1
DA:325,1
DA:329,1
DA:330,0
DA:331,1
DA:332,1
DA:333,1
DA:336,0
DA:338,0
DA:340,0
DA:341,0
DA:342,0
DA:344,0
DA:346,0
DA:347,0
DA:348,0
DA:351,0
DA:352,0
DA:358,0
DA:369,0
DA:370,0
DA:379,1
DA:380,1
DA:381,0
DA:382,0
DA:383,0
DA:384,0
DA:387,0
DA:388,0
DA:389,0
DA:392,1
DA:393,1
DA:394,1
DA:398,1
DA:399,1
DA:400,2
DA:401,1
DA:402,2
DA:404,1
DA:406,1
DA:407,1
DA:409,1
DA:410,2
DA:411,1
DA:412,1
DA:413,2
DA:414,1
DA:415,0
DA:418,0
DA:419,0
DA:422,0
DA:423,0
DA:426,2
DA:427,2
DA:428,1
DA:430,1
DA:432,1
DA:434,1
DA:436,1
DA:437,1
DA:441,1
DA:442,0
DA:443,1
DA:444,1
DA:445,1
DA:448,0
DA:450,0
DA:452,0
DA:453,0
DA:454,0
DA:456,0
DA:458,0
DA:459,0
DA:460,0
DA:463,0
DA:464,0
DA:470,0
DA:481,0
DA:482,0
DA:491,1
DA:492,1
DA:493,1
DA:494,2
DA:498,2
DA:499,1
DA:500,1
DA:501,1
DA:502,1
DA:503,1
DA:504,1
DA:506,1
DA:507,2
DA:508,2
DA:509,2
DA:510,2
DA:511,1
DA:512,1
DA:514,2
DA:515,1
DA:517,0
DA:518,0
DA:522,1
DA:523,1
DA:525,1
DA:526,1
DA:527,1
DA:528,3
DA:530,1
DA:532,1
DA:533,1
DA:534,1
DA:539,1
DA:540,1
DA:541,2
DA:542,1
DA:543,2
DA:545,2
DA:546,1
DA:549,1
DA:551,1
DA:553,1
DA:555,1
DA:557,1
DA:560,1
DA:561,0
DA:562,0
DA:563,0
DA:564,0
DA:566,0
DA:567,0
DA:569,0
DA:572,0
DA:578,0
DA:579,0
DA:580,0
DA:586,0
DA:587,0
DA:603,0
DA:606,0
DA:608,0
DA:610,0
DA:619,0
DA:620,2
DA:621,0
DA:623,0
DA:625,0
DA:627,0
DA:629,0
DA:632,0
DA:633,0
DA:634,0
DA:636,0
DA:637,0
DA:639,0
DA:641,0
DA:642,0
DA:643,0
DA:644,0
DA:646,0
DA:648,0
DA:650,0
DA:653,0
DA:659,0
DA:660,0
DA:661,0
DA:667,0
DA:668,0
DA:683,1
DA:685,1
DA:687,1
DA:689,2
DA:690,2
DA:694,2
DA:696,0
DA:697,2
DA:699,1
DA:700,1
DA:703,0
DA:705,0
DA:708,0
DA:709,0
DA:710,0
DA:711,0
DA:713,0
DA:715,0
DA:716,0
DA:717,0
DA:720,0
DA:721,0
DA:737,0
DA:743,1
DA:744,1
DA:745,1
DA:746,2
DA:750,2
DA:751,1
DA:752,1
DA:753,1
DA:754,1
DA:756,1
DA:757,2
DA:758,1
DA:759,1
DA:760,2
DA:761,1
DA:762,1
DA:764,2
DA:765,1
DA:767,0
DA:768,0
DA:772,1
DA:773,1
DA:775,1
DA:776,1
DA:778,1
DA:779,3
DA:781,1
DA:783,1
DA:784,1
DA:785,1
DA:790,2
DA:791,2
DA:792,1
DA:794,1
DA:796,1
DA:798,2
DA:799,2
DA:803,2
DA:805,0
DA:806,2
DA:808,1
DA:809,1
DA:812,0
DA:814,0
DA:816,0
DA:817,0
DA:818,0
DA:820,0
DA:822,0
DA:823,0
DA:824,0
DA:827,0
DA:828,0
DA:834,0
DA:845,0
DA:865,1
DA:878,1
DA:880,1
DA:882,3
DA:883,1
DA:884,1
DA:885,1
DA:886,1
DA:888,1
DA:891,0
DA:893,1
DA:895,1
DA:896,1
DA:897,1
DA:907,1
DA:908,1
DA:909,1
DA:911,1
DA:913,1
DA:915,1
DA:916,1
DA:917,1
DA:918,1
DA:920,1
DA:921,1
DA:922,1
DA:924,1
DA:925,1
DA:932,1
DA:933,2
DA:935,1
DA:936,2
DA:938,1
DA:939,1
DA:940,1
DA:941,2
DA:943,1
DA:949,3
DA:953,1
DA:955,1
DA:957,1
DA:958,1
DA:960,1
DA:961,1
DA:962,1
DA:967,1
DA:969,1
DA:984,1
DA:986,1
DA:989,1
DA:991,0
DA:992,0
DA:1001,1
DA:1003,2
DA:1004,3
DA:1007,1
DA:1011,3
DA:1014,1
DA:1015,1
DA:1016,1
DA:1018,1
DA:1019,1
DA:1021,0
LF:454
LH:267
end_of_record
SF:lib\presentation\pages\popular_tv_page.dart
DA:14,1
DA:16,1
DA:17,1
DA:21,1
DA:23,1
DA:24,2
DA:26,3
DA:28,4
DA:33,1
DA:35,1
DA:36,1
DA:39,1
DA:42,1
DA:43,1
DA:44,2
DA:48,2
DA:49,1
DA:50,0
DA:51,0
DA:52,0
DA:53,0
DA:54,0
DA:55,0
DA:56,0
DA:60,2
DA:63,1
DA:65,2
DA:70,1
DA:71,1
DA:72,1
DA:76,1
DA:77,1
DA:78,0
DA:79,0
DA:80,0
DA:81,0
DA:82,0
DA:83,0
DA:84,0
DA:88,2
DA:90,1
DA:91,1
DA:93,2
LF:43
LH:29
end_of_record
SF:lib\presentation\pages\search_page.dart
DA:16,0
DA:19,0
DA:21,0
DA:23,0
DA:24,0
DA:27,0
DA:29,0
DA:31,0
DA:32,0
DA:33,0
DA:35,0
DA:36,0
DA:38,0
DA:41,0
DA:43,0
DA:44,0
DA:46,0
DA:58,0
DA:60,0
DA:63,0
DA:65,0
DA:72,0
DA:73,0
DA:74,0
DA:75,0
DA:79,0
DA:80,0
DA:81,0
DA:82,0
DA:84,0
DA:85,0
DA:86,0
DA:87,0
DA:88,0
DA:89,0
DA:90,0
DA:94,0
DA:97,0
DA:98,0
DA:99,0
DA:100,0
DA:104,0
DA:105,0
DA:112,0
DA:113,0
DA:114,0
DA:115,0
DA:119,0
DA:120,0
DA:121,0
DA:122,0
DA:124,0
DA:125,0
DA:126,0
DA:127,0
DA:128,0
DA:129,0
DA:130,0
DA:134,0
DA:137,0
DA:138,0
DA:139,0
DA:140,0
DA:144,0
DA:145,0
DA:152,0
DA:153,0
DA:154,0
DA:155,0
DA:159,0
DA:160,0
DA:161,0
DA:162,0
DA:164,0
DA:165,0
DA:166,0
DA:167,0
DA:168,0
DA:169,0
DA:170,0
DA:174,0
DA:178,0
DA:179,0
DA:186,0
DA:187,0
DA:188,0
DA:189,0
DA:193,0
DA:194,0
DA:195,0
DA:196,0
DA:198,0
DA:199,0
DA:200,0
DA:201,0
DA:202,0
DA:203,0
DA:204,0
DA:208,0
DA:212,0
DA:213,0
LF:101
LH:0
end_of_record
SF:lib\presentation\pages\top_rated_movies_page.dart
DA:13,1
DA:15,1
DA:16,1
DA:20,1
DA:22,1
DA:23,2
DA:25,3
DA:27,4
DA:32,1
DA:34,1
DA:35,1
DA:38,1
DA:41,1
DA:42,1
DA:43,2
DA:47,2
DA:48,1
DA:49,0
DA:50,0
DA:51,0
DA:52,0
DA:53,0
DA:54,0
DA:55,0
DA:59,2
DA:62,1
DA:64,2
DA:69,1
DA:70,1
DA:71,1
DA:75,1
DA:76,1
DA:77,0
DA:78,0
DA:79,0
DA:80,0
DA:81,0
DA:82,0
DA:83,0
DA:87,2
DA:89,1
DA:90,1
DA:92,2
LF:43
LH:29
end_of_record
SF:lib\presentation\pages\top_rated_tv_page.dart
DA:13,1
DA:15,1
DA:16,1
DA:20,1
DA:22,1
DA:23,2
DA:25,3
DA:27,4
DA:32,1
DA:34,1
DA:35,1
DA:38,1
DA:41,1
DA:42,1
DA:43,2
DA:47,2
DA:48,1
DA:49,0
DA:50,0
DA:51,0
DA:52,0
DA:53,0
DA:54,0
DA:55,0
DA:59,2
DA:62,1
DA:64,2
DA:69,1
DA:70,1
DA:71,1
DA:75,1
DA:76,1
DA:77,0
DA:78,0
DA:79,0
DA:80,0
DA:81,0
DA:82,0
DA:83,0
DA:87,2
DA:89,1
DA:90,1
DA:92,2
LF:43
LH:29
end_of_record
SF:lib\presentation\pages\watchlist_movies_page.dart
DA:15,1
DA:17,1
DA:18,1
DA:22,1
DA:24,1
DA:25,2
DA:27,3
DA:29,4
DA:34,1
DA:36,1
DA:37,1
DA:40,1
DA:43,1
DA:44,1
DA:45,2
DA:49,2
DA:50,1
DA:51,0
DA:52,0
DA:53,0
DA:55,2
DA:58,1
DA:60,2
DA:65,1
DA:66,1
DA:67,1
DA:71,1
DA:72,1
DA:73,0
DA:74,0
DA:75,0
DA:77,2
DA:79,1
DA:80,1
DA:82,2
DA:100,0
DA:102,0
DA:104,0
DA:106,0
DA:107,0
DA:108,0
DA:112,0
DA:115,0
DA:117,0
DA:118,0
DA:119,0
DA:125,0
DA:127,0
DA:128,0
DA:129,0
DA:132,0
DA:135,0
DA:136,0
DA:144,0
DA:149,0
DA:150,0
DA:151,0
DA:153,0
DA:156,0
LF:59
LH:29
end_of_record
SF:lib\presentation\provider\movie_list_notifier.dart
DA:11,2
DA:15,2
DA:19,2
DA:23,2
DA:27,2
DA:31,2
DA:35,2
DA:37,1
DA:47,1
DA:48,1
DA:49,1
DA:51,3
DA:52,1
DA:53,1
DA:54,1
DA:55,2
DA:56,1
DA:58,1
DA:59,1
DA:60,1
DA:61,1
DA:66,1
DA:67,1
DA:68,1
DA:70,3
DA:71,1
DA:72,1
DA:73,1
DA:74,2
DA:75,1
DA:77,1
DA:78,1
DA:79,1
DA:80,1
DA:85,1
DA:86,1
DA:87,1
DA:89,3
DA:90,1
DA:91,1
DA:92,1
DA:93,2
DA:94,1
DA:96,1
DA:97,1
DA:98,1
DA:99,1
LF:47
LH:47
end_of_record
SF:lib\presentation\provider\tv_list_notifier.dart
DA:11,2
DA:15,2
DA:19,2
DA:23,2
DA:27,2
DA:31,2
DA:35,2
DA:37,1
DA:47,1
DA:48,1
DA:49,1
DA:51,3
DA:52,1
DA:53,1
DA:54,1
DA:55,2
DA:56,1
DA:58,1
DA:59,1
DA:60,1
DA:61,1
DA:66,1
DA:67,1
DA:68,1
DA:70,3
DA:71,1
DA:72,1
DA:73,1
DA:74,2
DA:75,1
DA:77,1
DA:78,1
DA:79,1
DA:80,1
DA:85,1
DA:86,1
DA:87,1
DA:89,3
DA:90,1
DA:91,1
DA:92,1
DA:93,2
DA:94,1
DA:96,1
DA:97,1
DA:98,1
DA:99,1
LF:47
LH:47
end_of_record
SF:lib\presentation\provider\movie_detail_notifier.dart
DA:22,1
DA:32,2
DA:36,2
DA:40,2
DA:44,2
DA:48,2
DA:52,2
DA:56,2
DA:58,1
DA:59,1
DA:60,1
DA:61,3
DA:62,3
DA:63,1
DA:64,1
DA:65,1
DA:66,2
DA:67,1
DA:69,1
DA:70,1
DA:71,1
DA:72,1
DA:73,1
DA:74,1
DA:75,1
DA:76,2
DA:78,1
DA:79,1
DA:80,1
DA:83,1
DA:84,1
DA:89,1
DA:90,3
DA:92,2
DA:93,1
DA:94,2
DA:96,1
DA:97,1
DA:101,3
DA:104,1
DA:105,3
DA:107,2
DA:108,0
DA:109,0
DA:111,1
DA:112,1
DA:116,3
DA:119,1
DA:120,3
DA:121,1
DA:122,1
LF:51
LH:49
end_of_record
SF:lib\presentation\provider\tv_detail_notifier.dart
DA:25,1
DA:36,2
DA:40,2
DA:44,2
DA:48,2
DA:52,2
DA:56,2
DA:60,2
DA:64,2
DA:68,2
DA:70,1
DA:71,1
DA:72,1
DA:73,3
DA:74,3
DA:75,3
DA:77,1
DA:78,1
DA:79,1
DA:80,2
DA:81,1
DA:83,1
DA:84,1
DA:85,1
DA:86,1
DA:88,1
DA:89,1
DA:90,1
DA:91,2
DA:93,1
DA:94,1
DA:95,1
DA:97,1
DA:98,1
DA:99,1
DA:100,2
DA:101,1
DA:103,1
DA:104,1
DA:105,1
DA:106,1
DA:111,1
DA:112,1
DA:117,1
DA:118,1
DA:119,1
DA:120,3
DA:122,1
DA:123,1
DA:124,1
DA:125,2
DA:126,1
DA:128,1
DA:129,1
DA:130,1
DA:131,1
DA:136,1
DA:137,3
DA:139,2
DA:140,1
DA:141,2
DA:143,1
DA:144,1
DA:148,3
DA:151,1
DA:152,3
DA:154,2
DA:155,0
DA:156,0
DA:158,1
DA:159,1
DA:163,3
DA:166,1
DA:167,3
DA:168,1
DA:169,1
LF:76
LH:74
end_of_record
SF:lib\presentation\widgets\film_card_item.dart
DA:13,1
DA:20,0
DA:22,1
DA:24,1
DA:26,1
DA:27,0
DA:28,0
DA:31,0
DA:34,1
DA:36,1
DA:37,1
DA:38,1
DA:44,1
DA:46,1
DA:47,1
DA:48,3
DA:51,1
DA:54,1
DA:55,3
DA:63,1
DA:68,1
DA:69,1
DA:71,4
DA:73,1
DA:76,0
DA:77,0
DA:78,0
LF:27
LH:20
end_of_record
SF:lib\presentation\provider\popular_tv_notifier.dart
DA:9,1
DA:13,2
DA:17,2
DA:21,2
DA:23,1
DA:24,1
DA:25,1
DA:27,3
DA:29,1
DA:30,1
DA:31,2
DA:32,1
DA:33,1
DA:35,1
DA:36,1
DA:37,1
DA:38,1
LF:17
LH:17
end_of_record
SF:lib\presentation\provider\movie_search_notifier.dart
DA:9,1
DA:13,2
DA:17,2
DA:21,2
DA:23,1
DA:24,1
DA:25,1
DA:27,3
DA:28,1
DA:29,1
DA:30,2
DA:31,1
DA:32,1
DA:34,1
DA:35,1
DA:36,1
DA:37,1
LF:17
LH:17
end_of_record
SF:lib\presentation\provider\tv_search_notifier.dart
DA:9,1
DA:13,2
DA:17,2
DA:21,2
DA:23,1
DA:24,1
DA:25,1
DA:27,3
DA:28,1
DA:29,1
DA:30,2
DA:31,1
DA:32,1
DA:34,1
DA:35,1
DA:36,1
DA:37,1
LF:17
LH:17
end_of_record
SF:lib\presentation\provider\top_rated_movies_notifier.dart
DA:9,1
DA:13,2
DA:17,2
DA:21,2
DA:23,1
DA:24,1
DA:25,1
DA:27,3
DA:29,1
DA:30,1
DA:31,2
DA:32,1
DA:33,1
DA:35,1
DA:36,1
DA:37,1
DA:38,1
LF:17
LH:17
end_of_record
SF:lib\presentation\provider\top_rated_tv_notifier.dart
DA:9,1
DA:13,2
DA:17,2
DA:21,2
DA:23,1
DA:24,1
DA:25,1
DA:27,3
DA:29,1
DA:30,1
DA:31,2
DA:32,1
DA:33,1
DA:35,1
DA:36,1
DA:37,1
DA:38,1
LF:17
LH:17
end_of_record
SF:lib\presentation\provider\watchlist_movie_notifier.dart
DA:9,2
DA:13,2
DA:17,2
DA:19,1
DA:23,1
DA:24,1
DA:25,1
DA:27,3
DA:28,1
DA:29,1
DA:30,1
DA:31,2
DA:32,1
DA:34,1
DA:35,1
DA:36,1
DA:37,1
LF:17
LH:17
end_of_record
